2019-03-28 11:08:32,082 - engine - INFO - 63431640 :expected string or bytes-like object
2019-03-28 11:08:40,395 - engine - INFO - 67138439 :expected string or bytes-like object
2019-03-28 11:20:58,583 - engine - INFO - 62346920 :rcp_p4 resolve error
2019-03-28 11:28:02,844 - engine - INFO - 64529639 :main request failed
2019-03-28 11:28:06,133 - engine - INFO - 61098297 :main request failed
2019-03-28 11:28:06,970 - engine - INFO - 68116292 :expected string or bytes-like object
2019-03-28 11:28:08,945 - engine - INFO - 62918531 :main request failed
2019-03-28 11:28:10,769 - engine - INFO - 65039905 :main request failed
2019-03-28 12:16:40,213 - engine - INFO - 61645058 :rcp_p6 resolve error
2019-03-28 12:22:20,237 - engine - INFO - 63685813 :rcp_p6 resolve error
2019-03-28 12:28:01,352 - engine - INFO - 61578061 :expected string or bytes-like object
2019-03-28 12:28:04,456 - engine - INFO - 69732216 :main request failed
2019-03-28 12:28:11,193 - engine - INFO - 61494898 :main request failed
2019-03-28 12:28:11,323 - engine - INFO - 61968588 :main request failed
2019-03-28 12:28:11,368 - engine - INFO - 61514710 :main request failed
2019-03-28 12:36:05,346 - engine - INFO - 60936057 :rcp_p4 resolve error
2019-03-28 15:21:50,003 - engine - INFO - 69864919 :rcp_p6 resolve error
2019-03-28 15:24:09,025 - engine - INFO - 61030392 :rcp_p4 resolve error
2019-03-28 15:28:01,759 - engine - INFO - 62645381 :expected string or bytes-like object
2019-03-28 15:28:05,303 - engine - INFO - 67162290 :main request failed
2019-03-28 15:28:05,656 - engine - INFO - 62890014 :main request failed
2019-03-28 15:28:11,559 - engine - INFO - 65261375 :expected string or bytes-like object
2019-03-28 15:28:12,242 - engine - INFO - 63784708 :expected string or bytes-like object
2019-03-28 15:28:53,493 - engine - INFO - 68240500 :main request failed
2019-03-28 15:28:56,991 - engine - INFO - 67687224 :main request failed
2019-03-28 15:28:57,330 - engine - INFO - 64698660 :main request failed
2019-03-28 15:32:04,167 - engine - INFO - 64142845 :rcp_p4 resolve error
2019-03-28 15:38:29,664 - engine - INFO - 63445939 :expected string or bytes-like object
2019-03-28 15:39:26,771 - engine - INFO - 60207459 :rcp_p4 resolve error
2019-03-28 15:41:39,316 - engine - INFO - 61179557 :rcp_p4 resolve error
2019-03-28 15:45:34,078 - engine - INFO - 67803084 :rcp_p5 resolve error
2019-03-28 15:45:48,173 - engine - INFO - 64500281 :rcp_p4 resolve error
2019-03-28 15:46:00,448 - engine - INFO - 69154659 :rcp_p4 resolve error
2019-03-28 15:46:00,739 - engine - INFO - 62069715 :rcp_p4 resolve error
2019-03-28 15:46:19,936 - engine - INFO - 65206133 :rcp_p4 resolve error
2019-03-28 15:46:23,330 - engine - INFO - 60954048 :rcp_p4 resolve error
2019-03-28 15:46:23,660 - engine - INFO - 68171940 :rcp_p4 resolve error
2019-03-28 15:46:25,009 - engine - INFO - 60188279 :rcp_p4 resolve error
2019-03-28 15:46:33,857 - engine - INFO - 61668637 :rcp_p4 resolve error
2019-03-28 15:46:35,775 - engine - INFO - 69208352 :rcp_p4 resolve error
2019-03-28 15:46:35,894 - engine - INFO - 62349546 :rcp_p4 resolve error
2019-03-28 15:49:10,024 - engine - INFO - 64464974 :rcp_p4 resolve error
2019-03-28 15:59:48,253 - engine - INFO - 69010751 :rcp_p6 resolve error
2019-03-28 15:59:49,306 - engine - INFO - 60713129 :rcp_p6 resolve error
2019-03-28 15:59:49,901 - engine - INFO - 69345739 :rcp_p6 resolve error
2019-03-28 15:59:49,979 - engine - INFO - 64312767 :rcp_p6 resolve error
2019-03-28 15:59:50,299 - engine - INFO - 60275054 :rcp_p6 resolve error
2019-03-28 16:03:27,652 - engine - INFO - 67500468 :rcp_p4 resolve error
2019-03-28 16:10:14,491 - engine - INFO - 62719127 :list index out of range
2019-03-28 16:14:59,355 - engine - INFO - 60843756 :rcp_p5 resolve error
2019-03-28 16:15:00,831 - engine - INFO - 66984870 :rcp_p6 resolve error
2019-03-28 16:15:01,063 - engine - INFO - 65092509 :rcp_p5 resolve error
2019-03-28 16:15:01,396 - engine - INFO - 63279549 :rcp_p5 resolve error
2019-03-28 16:15:02,644 - engine - INFO - 60960528 :rcp_p5 resolve error
2019-03-28 16:25:42,429 - engine - INFO - 68847870 :rcp_p6 resolve error
2019-03-28 16:28:01,744 - engine - INFO - 66794579 :expected string or bytes-like object
2019-03-28 16:28:10,810 - engine - INFO - 64595144 :expected string or bytes-like object
2019-03-28 16:28:16,559 - engine - INFO - 63297052 :expected string or bytes-like object
2019-03-28 16:28:19,351 - engine - INFO - 68080241 :main request failed
2019-03-28 16:28:23,268 - engine - INFO - 60817925 :main request failed
2019-03-28 16:29:02,405 - engine - INFO - 65436636 :main request failed
2019-03-28 16:29:02,453 - engine - INFO - 64105964 :main request failed
2019-03-28 16:32:29,540 - engine - INFO - 62536453 :rcp_p4 resolve error
2019-03-28 16:32:29,558 - engine - INFO - 68443212 :rcp_p4 resolve error
2019-03-28 16:40:59,829 - engine - INFO - 66881938 :list index out of range
2019-03-28 16:40:59,995 - engine - INFO - 65358269 :list index out of range
2019-03-28 16:41:44,854 - engine - INFO - 63825628 :list index out of range
2019-03-28 16:42:08,077 - engine - INFO - 63063156 :rcp_p4 resolve error
2019-03-28 16:42:08,815 - engine - INFO - 61551751 :rcp_p4 resolve error
2019-03-28 16:47:52,333 - engine - INFO - 66162348 :rcp_p4 resolve error
2019-03-28 16:47:55,011 - engine - INFO - 62471564 :rcp_p4 resolve error
2019-03-28 16:47:55,947 - engine - INFO - 64221495 :rcp_p4 resolve error
2019-03-28 16:48:26,586 - engine - INFO - 60930855 :rcp_p4 resolve error
2019-03-28 16:48:27,500 - engine - INFO - 65463462 :rcp_p4 resolve error
2019-03-28 16:56:10,620 - engine - INFO - 69005619 :rcp_p4 resolve error
2019-03-28 16:56:12,348 - engine - INFO - 69681960 :rcp_p4 resolve error
2019-03-28 16:58:27,187 - engine - INFO - 61624046 :rcp_p4 resolve error
2019-03-28 17:07:42,396 - engine - INFO - 69991813 :expected string or bytes-like object
2019-03-28 17:12:42,150 - engine - INFO - 63559049 :rcp_p6 resolve error
2019-03-28 17:12:44,691 - engine - INFO - 67003007 :rcp_p6 resolve error
2019-03-28 17:16:45,084 - engine - INFO - 65753259 :rcp_p4 resolve error
2019-03-28 17:20:11,383 - engine - INFO - 62721886 :rcp_p4 resolve error
2019-03-28 17:20:46,257 - engine - INFO - 64410193 :rcp_p4 resolve error
2019-03-28 17:28:00,908 - engine - INFO - 67998759 :expected string or bytes-like object
2019-03-28 17:28:10,483 - engine - INFO - 65047243 :main request failed
2019-03-28 17:28:11,459 - engine - INFO - 69540251 :expected string or bytes-like object
2019-03-28 17:28:12,009 - engine - INFO - 61274635 :main request failed
2019-03-28 17:28:12,242 - engine - INFO - 68874789 :main request failed
2019-03-28 17:28:52,577 - engine - INFO - 69123770 :main request failed
2019-03-28 17:30:53,377 - engine - INFO - 67384540 :rcp_p6 resolve error
2019-03-28 17:31:10,131 - engine - INFO - 64964125 :rcp_p4 resolve error
2019-03-28 17:37:29,838 - engine - INFO - 63164504 :rcp_p4 resolve error
2019-03-28 17:37:30,006 - engine - INFO - 62185004 :rcp_p4 resolve error
2019-03-28 17:37:30,012 - engine - INFO - 67521195 :rcp_p4 resolve error
2019-03-28 17:37:31,551 - engine - INFO - 61306809 :rcp_p4 resolve error
2019-03-28 17:49:07,247 - engine - INFO - 60719819 :rcp_p4 resolve error
2019-03-28 17:49:08,144 - engine - INFO - 67306591 :rcp_p4 resolve error
2019-03-28 17:49:08,367 - engine - INFO - 69828951 :rcp_p4 resolve error
2019-03-28 17:52:37,996 - engine - INFO - 63402902 :rcp_p6 resolve error
2019-03-28 17:52:38,738 - engine - INFO - 64224096 :rcp_p6 resolve error
2019-03-28 17:52:40,421 - engine - INFO - 63067215 :rcp_p6 resolve error
2019-03-28 18:03:39,537 - engine - INFO - 63760415 :rcp_p4 resolve error
2019-03-28 18:10:02,301 - engine - INFO - 61404089 :rcp_p4 resolve error
2019-03-28 18:10:47,275 - engine - INFO - 69624938 :rcp_p6 resolve error
2019-03-28 18:11:47,859 - engine - INFO - 65108269 :rcp_p4 resolve error
2019-03-28 18:14:29,087 - engine - INFO - 68560169 :rcp_p4 resolve error
2019-03-28 18:14:32,120 - engine - INFO - 66315139 :rcp_p4 resolve error
2019-03-28 18:14:33,119 - engine - INFO - 63389419 :rcp_p4 resolve error
2019-03-28 18:20:11,079 - engine - INFO - 62893124 :rcp_p5 resolve error
2019-03-28 18:21:02,017 - engine - INFO - 63310966 :rcp_p4 resolve error
2019-03-28 18:26:30,917 - engine - INFO - 68807484 :rcp_p6 resolve error
2019-03-28 18:28:04,117 - engine - INFO - 68934987 :main request failed
2019-03-28 18:28:05,279 - engine - INFO - 61020245 :expected string or bytes-like object
2019-03-28 18:28:05,288 - engine - INFO - 67955252 :expected string or bytes-like object
2019-03-28 18:28:13,625 - engine - INFO - 68204792 :expected string or bytes-like object
2019-03-28 18:28:23,355 - engine - INFO - 62713633 :main request failed
2019-03-28 18:32:19,164 - engine - INFO - 66630665 :rcp_p5 resolve error
2019-03-28 18:32:20,813 - engine - INFO - 67638273 :rcp_p4 resolve error
2019-03-28 18:33:15,179 - engine - INFO - 69423935 :rcp_p6 resolve error
2019-03-28 18:43:41,960 - engine - INFO - 67088406 :list index out of range
2019-03-28 18:43:43,101 - engine - INFO - 64940932 :list index out of range
2019-03-28 18:47:40,681 - engine - INFO - 65191044 :list index out of range
2019-03-28 18:47:44,298 - engine - INFO - 63182694 :rcp_p4 resolve error
2019-03-28 18:47:45,140 - engine - INFO - 61051162 :rcp_p4 resolve error
2019-03-28 18:51:05,366 - engine - INFO - 62741554 :list index out of range
2019-03-28 18:51:06,561 - engine - INFO - 64467657 :list index out of range
2019-03-28 18:53:05,609 - engine - INFO -  :resolve error:list index out of range
